This file contains any messages produced by compilers while
running configure, to aid debugging if configure makes a mistake.

It was created by pserv configure 3.4, which was
generated by GNU Autoconf 2.59.  Invocation command line was

  $ ./configure 

## --------- ##
## Platform. ##
## --------- ##

hostname = ubuntu
uname -m = x86_64
uname -r = 4.4.0-72-generic
uname -s = Linux
uname -v = #93-Ubuntu SMP Fri Mar 31 14:07:41 UTC 2017

/usr/bin/uname -p = unknown
/bin/uname -X     = unknown

/bin/arch              = unknown
/usr/bin/arch -k       = unknown
/usr/convex/getsysinfo = unknown
hostinfo               = unknown
/bin/machine           = unknown
/usr/bin/oslevel       = unknown
/bin/universe          = unknown

PATH: /home/akumade/bin
PATH: /usr/local/sbin
PATH: /usr/local/bin
PATH: /usr/sbin
PATH: /usr/bin
PATH: /sbin
PATH: /bin
PATH: /usr/games
PATH: /usr/local/games
PATH: /snap/bin


## ----------- ##
## Core tests. ##
## ----------- ##

configure:1359: checking for a BSD-compatible install
configure:1414: result: /usr/bin/install -c
configure:1425: checking whether build environment is sane
configure:1468: result: yes
configure:1533: checking for gawk
configure:1562: result: no
configure:1533: checking for mawk
configure:1549: found /usr/bin/mawk
configure:1559: result: mawk
configure:1569: checking whether make sets $(MAKE)
configure:1589: result: yes
configure:1758: checking whether to enable maintainer-specific portions of Makefiles
configure:1767: result: no
configure:1829: checking for gcc
configure:1845: found /usr/bin/gcc
configure:1855: result: gcc
configure:2099: checking for C compiler version
configure:2102: gcc --version </dev/null >&5
gcc (Ubuntu 5.4.0-6ubuntu1~16.04.4) 5.4.0 20160609
Copyright (C) 2015 Free Software Foundation, Inc.
This is free software; see the source for copying conditions.  There is NO
warranty; not even for MERCHANTABILITY or FITNESS FOR A PARTICULAR PURPOSE.

configure:2105: $? = 0
configure:2107: gcc -v </dev/null >&5
Using built-in specs.
COLLECT_GCC=gcc
COLLECT_LTO_WRAPPER=/usr/lib/gcc/x86_64-linux-gnu/5/lto-wrapper
Target: x86_64-linux-gnu
Configured with: ../src/configure -v --with-pkgversion='Ubuntu 5.4.0-6ubuntu1~16.04.4' --with-bugurl=file:///usr/share/doc/gcc-5/README.Bugs --enable-languages=c,ada,c++,java,go,d,fortran,objc,obj-c++ --prefix=/usr --program-suffix=-5 --enable-shared --enable-linker-build-id --libexecdir=/usr/lib --without-included-gettext --enable-threads=posix --libdir=/usr/lib --enable-nls --with-sysroot=/ --enable-clocale=gnu --enable-libstdcxx-debug --enable-libstdcxx-time=yes --with-default-libstdcxx-abi=new --enable-gnu-unique-object --disable-vtable-verify --enable-libmpx --enable-plugin --with-system-zlib --disable-browser-plugin --enable-java-awt=gtk --enable-gtk-cairo --with-java-home=/usr/lib/jvm/java-1.5.0-gcj-5-amd64/jre --enable-java-home --with-jvm-root-dir=/usr/lib/jvm/java-1.5.0-gcj-5-amd64 --with-jvm-jar-dir=/usr/lib/jvm-exports/java-1.5.0-gcj-5-amd64 --with-arch-directory=amd64 --with-ecj-jar=/usr/share/java/eclipse-ecj.jar --enable-objc-gc --enable-multiarch --disable-werror --with-arch-32=i686 --with-abi=m64 --with-multilib-list=m32,m64,mx32 --enable-multilib --with-tune=generic --enable-checking=release --build=x86_64-linux-gnu --host=x86_64-linux-gnu --target=x86_64-linux-gnu
Thread model: posix
gcc version 5.4.0 20160609 (Ubuntu 5.4.0-6ubuntu1~16.04.4) 
configure:2110: $? = 0
configure:2112: gcc -V </dev/null >&5
gcc: error: unrecognized command line option '-V'
gcc: fatal error: no input files
compilation terminated.
configure:2115: $? = 1
configure:2138: checking for C compiler default output file name
configure:2141: gcc    conftest.c  >&5
configure:2144: $? = 0
configure:2190: result: a.out
configure:2195: checking whether the C compiler works
configure:2201: ./a.out
configure:2204: $? = 0
configure:2221: result: yes
configure:2228: checking whether we are cross compiling
configure:2230: result: no
configure:2233: checking for suffix of executables
configure:2235: gcc -o conftest    conftest.c  >&5
configure:2238: $? = 0
configure:2263: result: 
configure:2269: checking for suffix of object files
configure:2290: gcc -c   conftest.c >&5
configure:2293: $? = 0
configure:2315: result: o
configure:2319: checking whether we are using the GNU C compiler
configure:2343: gcc -c   conftest.c >&5
configure:2349: $? = 0
configure:2353: test -z 
			 || test ! -s conftest.err
configure:2356: $? = 0
configure:2359: test -s conftest.o
configure:2362: $? = 0
configure:2375: result: yes
configure:2381: checking whether gcc accepts -g
configure:2402: gcc -c -g  conftest.c >&5
configure:2408: $? = 0
configure:2412: test -z 
			 || test ! -s conftest.err
configure:2415: $? = 0
configure:2418: test -s conftest.o
configure:2421: $? = 0
configure:2432: result: yes
configure:2449: checking for gcc option to accept ANSI C
configure:2519: gcc  -c -g -O2  conftest.c >&5
configure:2525: $? = 0
configure:2529: test -z 
			 || test ! -s conftest.err
configure:2532: $? = 0
configure:2535: test -s conftest.o
configure:2538: $? = 0
configure:2556: result: none needed
configure:2574: gcc -c -g -O2  conftest.c >&5
conftest.c:2:3: error: unknown type name 'choke'
   choke me
   ^
conftest.c:2:3: error: expected '=', ',', ';', 'asm' or '__attribute__' at end of input
configure:2580: $? = 1
configure: failed program was:
| #ifndef __cplusplus
|   choke me
| #endif
configure:2724: checking for style of include used by make
configure:2752: result: GNU
configure:2780: checking dependency style of gcc
configure:2870: result: gcc3
configure:2900: checking for a BSD-compatible install
configure:2955: result: /usr/bin/install -c
configure:3007: checking for dirent.h that defines DIR
configure:3031: gcc -c -g -O2  conftest.c >&5
configure:3037: $? = 0
configure:3041: test -z 
			 || test ! -s conftest.err
configure:3044: $? = 0
configure:3047: test -s conftest.o
configure:3050: $? = 0
configure:3061: result: yes
configure:3074: checking for library containing opendir
configure:3104: gcc -o conftest -g -O2   conftest.c  >&5
configure:3110: $? = 0
configure:3114: test -z 
			 || test ! -s conftest.err
configure:3117: $? = 0
configure:3120: test -s conftest
configure:3123: $? = 0
configure:3193: result: none required
configure:3334: checking how to run the C preprocessor
configure:3369: gcc -E  conftest.c
configure:3375: $? = 0
configure:3407: gcc -E  conftest.c
conftest.c:14:28: fatal error: ac_nonexistent.h: No such file or directory
compilation terminated.
configure:3413: $? = 1
configure: failed program was:
| /* confdefs.h.  */
| 
| #define PACKAGE_NAME "pserv"
| #define PACKAGE_TARNAME "pserv"
| #define PACKAGE_VERSION "3.4"
| #define PACKAGE_STRING "pserv 3.4"
| #define PACKAGE_BUGREPORT "rmottola@users.sf.net"
| #define PACKAGE "pserv"
| #define VERSION "3.4"
| #define FORKING_REQUEST 1
| #define ENABLE_CGI 1
| #define HAVE_DIRENT_H 1
| /* end confdefs.h.  */
| #include <ac_nonexistent.h>
configure:3452: result: gcc -E
configure:3476: gcc -E  conftest.c
configure:3482: $? = 0
configure:3514: gcc -E  conftest.c
conftest.c:14:28: fatal error: ac_nonexistent.h: No such file or directory
compilation terminated.
configure:3520: $? = 1
configure: failed program was:
| /* confdefs.h.  */
| 
| #define PACKAGE_NAME "pserv"
| #define PACKAGE_TARNAME "pserv"
| #define PACKAGE_VERSION "3.4"
| #define PACKAGE_STRING "pserv 3.4"
| #define PACKAGE_BUGREPORT "rmottola@users.sf.net"
| #define PACKAGE "pserv"
| #define VERSION "3.4"
| #define FORKING_REQUEST 1
| #define ENABLE_CGI 1
| #define HAVE_DIRENT_H 1
| /* end confdefs.h.  */
| #include <ac_nonexistent.h>
configure:3564: checking for egrep
configure:3574: result: grep -E
configure:3579: checking for ANSI C header files
configure:3604: gcc -c -g -O2  conftest.c >&5
configure:3610: $? = 0
configure:3614: test -z 
			 || test ! -s conftest.err
configure:3617: $? = 0
configure:3620: test -s conftest.o
configure:3623: $? = 0
configure:3712: gcc -o conftest -g -O2   conftest.c  >&5
conftest.c: In function 'main':
conftest.c:31:7: warning: implicit declaration of function 'exit' [-Wimplicit-function-declaration]
       exit(2);
       ^
conftest.c:31:7: warning: incompatible implicit declaration of built-in function 'exit'
conftest.c:31:7: note: include '<stdlib.h>' or provide a declaration of 'exit'
conftest.c:32:3: warning: incompatible implicit declaration of built-in function 'exit'
   exit (0);
   ^
conftest.c:32:3: note: include '<stdlib.h>' or provide a declaration of 'exit'
configure:3715: $? = 0
configure:3717: ./conftest
configure:3720: $? = 0
configure:3735: result: yes
configure:3745: checking for sys/wait.h that is POSIX.1 compatible
configure:3776: gcc -c -g -O2  conftest.c >&5
configure:3782: $? = 0
configure:3786: test -z 
			 || test ! -s conftest.err
configure:3789: $? = 0
configure:3792: test -s conftest.o
configure:3795: $? = 0
configure:3806: result: yes
configure:3830: checking for sys/types.h
configure:3846: gcc -c -g -O2  conftest.c >&5
configure:3852: $? = 0
configure:3856: test -z 
			 || test ! -s conftest.err
configure:3859: $? = 0
configure:3862: test -s conftest.o
configure:3865: $? = 0
configure:3876: result: yes
configure:3830: checking for sys/stat.h
configure:3846: gcc -c -g -O2  conftest.c >&5
configure:3852: $? = 0
configure:3856: test -z 
			 || test ! -s conftest.err
configure:3859: $? = 0
configure:3862: test -s conftest.o
configure:3865: $? = 0
configure:3876: result: yes
configure:3830: checking for stdlib.h
configure:3846: gcc -c -g -O2  conftest.c >&5
configure:3852: $? = 0
configure:3856: test -z 
			 || test ! -s conftest.err
configure:3859: $? = 0
configure:3862: test -s conftest.o
configure:3865: $? = 0
configure:3876: result: yes
configure:3830: checking for string.h
configure:3846: gcc -c -g -O2  conftest.c >&5
configure:3852: $? = 0
configure:3856: test -z 
			 || test ! -s conftest.err
configure:3859: $? = 0
configure:3862: test -s conftest.o
configure:3865: $? = 0
configure:3876: result: yes
configure:3830: checking for memory.h
configure:3846: gcc -c -g -O2  conftest.c >&5
configure:3852: $? = 0
configure:3856: test -z 
			 || test ! -s conftest.err
configure:3859: $? = 0
configure:3862: test -s conftest.o
configure:3865: $? = 0
configure:3876: result: yes
configure:3830: checking for strings.h
configure:3846: gcc -c -g -O2  conftest.c >&5
configure:3852: $? = 0
configure:3856: test -z 
			 || test ! -s conftest.err
configure:3859: $? = 0
configure:3862: test -s conftest.o
configure:3865: $? = 0
configure:3876: result: yes
configure:3830: checking for inttypes.h
configure:3846: gcc -c -g -O2  conftest.c >&5
configure:3852: $? = 0
configure:3856: test -z 
			 || test ! -s conftest.err
configure:3859: $? = 0
configure:3862: test -s conftest.o
configure:3865: $? = 0
configure:3876: result: yes
configure:3830: checking for stdint.h
configure:3846: gcc -c -g -O2  conftest.c >&5
configure:3852: $? = 0
configure:3856: test -z 
			 || test ! -s conftest.err
configure:3859: $? = 0
configure:3862: test -s conftest.o
configure:3865: $? = 0
configure:3876: result: yes
configure:3830: checking for unistd.h
configure:3846: gcc -c -g -O2  conftest.c >&5
configure:3852: $? = 0
configure:3856: test -z 
			 || test ! -s conftest.err
configure:3859: $? = 0
configure:3862: test -s conftest.o
configure:3865: $? = 0
configure:3876: result: yes
configure:3906: checking arpa/inet.h usability
configure:3918: gcc -c -g -O2  conftest.c >&5
configure:3924: $? = 0
configure:3928: test -z 
			 || test ! -s conftest.err
configure:3931: $? = 0
configure:3934: test -s conftest.o
configure:3937: $? = 0
configure:3947: result: yes
configure:3951: checking arpa/inet.h presence
configure:3961: gcc -E  conftest.c
configure:3967: $? = 0
configure:3987: result: yes
configure:4022: checking for arpa/inet.h
configure:4029: result: yes
configure:3906: checking netdb.h usability
configure:3918: gcc -c -g -O2  conftest.c >&5
configure:3924: $? = 0
configure:3928: test -z 
			 || test ! -s conftest.err
configure:3931: $? = 0
configure:3934: test -s conftest.o
configure:3937: $? = 0
configure:3947: result: yes
configure:3951: checking netdb.h presence
configure:3961: gcc -E  conftest.c
configure:3967: $? = 0
configure:3987: result: yes
configure:4022: checking for netdb.h
configure:4029: result: yes
configure:3906: checking netinet/in.h usability
configure:3918: gcc -c -g -O2  conftest.c >&5
configure:3924: $? = 0
configure:3928: test -z 
			 || test ! -s conftest.err
configure:3931: $? = 0
configure:3934: test -s conftest.o
configure:3937: $? = 0
configure:3947: result: yes
configure:3951: checking netinet/in.h presence
configure:3961: gcc -E  conftest.c
configure:3967: $? = 0
configure:3987: result: yes
configure:4022: checking for netinet/in.h
configure:4029: result: yes
configure:3906: checking sys/socket.h usability
configure:3918: gcc -c -g -O2  conftest.c >&5
configure:3924: $? = 0
configure:3928: test -z 
			 || test ! -s conftest.err
configure:3931: $? = 0
configure:3934: test -s conftest.o
configure:3937: $? = 0
configure:3947: result: yes
configure:3951: checking sys/socket.h presence
configure:3961: gcc -E  conftest.c
configure:3967: $? = 0
configure:3987: result: yes
configure:4022: checking for sys/socket.h
configure:4029: result: yes
configure:3906: checking sys/time.h usability
configure:3918: gcc -c -g -O2  conftest.c >&5
configure:3924: $? = 0
configure:3928: test -z 
			 || test ! -s conftest.err
configure:3931: $? = 0
configure:3934: test -s conftest.o
configure:3937: $? = 0
configure:3947: result: yes
configure:3951: checking sys/time.h presence
configure:3961: gcc -E  conftest.c
configure:3967: $? = 0
configure:3987: result: yes
configure:4022: checking for sys/time.h
configure:4029: result: yes
configure:4043: checking for off_t
configure:4067: gcc -c -g -O2  conftest.c >&5
configure:4073: $? = 0
configure:4077: test -z 
			 || test ! -s conftest.err
configure:4080: $? = 0
configure:4083: test -s conftest.o
configure:4086: $? = 0
configure:4097: result: yes
configure:4109: checking for size_t
configure:4133: gcc -c -g -O2  conftest.c >&5
configure:4139: $? = 0
configure:4143: test -z 
			 || test ! -s conftest.err
configure:4146: $? = 0
configure:4149: test -s conftest.o
configure:4152: $? = 0
configure:4163: result: yes
configure:4175: checking whether time.h and sys/time.h may both be included
configure:4200: gcc -c -g -O2  conftest.c >&5
configure:4206: $? = 0
configure:4210: test -z 
			 || test ! -s conftest.err
configure:4213: $? = 0
configure:4216: test -s conftest.o
configure:4219: $? = 0
configure:4230: result: yes
configure:4240: checking whether struct tm is in sys/time.h or time.h
configure:4263: gcc -c -g -O2  conftest.c >&5
configure:4269: $? = 0
configure:4273: test -z 
			 || test ! -s conftest.err
configure:4276: $? = 0
configure:4279: test -s conftest.o
configure:4282: $? = 0
configure:4293: result: time.h
configure:4304: checking for socklen_t
configure:4327: gcc -c -g -O2  conftest.c >&5
configure:4333: $? = 0
configure:4337: test -z 
			 || test ! -s conftest.err
configure:4340: $? = 0
configure:4343: test -s conftest.o
configure:4346: $? = 0
configure:4358: result: yes
configure:4368: checking for pid_t
configure:4392: gcc -c -g -O2  conftest.c >&5
configure:4398: $? = 0
configure:4402: test -z 
			 || test ! -s conftest.err
configure:4405: $? = 0
configure:4408: test -s conftest.o
configure:4411: $? = 0
configure:4422: result: yes
configure:4440: checking for unistd.h
configure:4445: result: yes
configure:4449: checking vfork.h usability
configure:4461: gcc -c -g -O2  conftest.c >&5
conftest.c:66:19: fatal error: vfork.h: No such file or directory
compilation terminated.
configure:4467: $? = 1
configure: failed program was:
| /* confdefs.h.  */
| 
| #define PACKAGE_NAME "pserv"
| #define PACKAGE_TARNAME "pserv"
| #define PACKAGE_VERSION "3.4"
| #define PACKAGE_STRING "pserv 3.4"
| #define PACKAGE_BUGREPORT "rmottola@users.sf.net"
| #define PACKAGE "pserv"
| #define VERSION "3.4"
| #define FORKING_REQUEST 1
| #define ENABLE_CGI 1
| #define HAVE_DIRENT_H 1
| #define STDC_HEADERS 1
| #define HAVE_SYS_WAIT_H 1
| #define HAVE_SYS_TYPES_H 1
| #define HAVE_SYS_STAT_H 1
| #define HAVE_STDLIB_H 1
| #define HAVE_STRING_H 1
| #define HAVE_MEMORY_H 1
| #define HAVE_STRINGS_H 1
| #define HAVE_INTTYPES_H 1
| #define HAVE_STDINT_H 1
| #define HAVE_UNISTD_H 1
| #define HAVE_ARPA_INET_H 1
| #define HAVE_NETDB_H 1
| #define HAVE_NETINET_IN_H 1
| #define HAVE_SYS_SOCKET_H 1
| #define HAVE_SYS_TIME_H 1
| #define TIME_WITH_SYS_TIME 1
| #define HAVE_UNISTD_H 1
| /* end confdefs.h.  */
| #include <stdio.h>
| #if HAVE_SYS_TYPES_H
| # include <sys/types.h>
| #endif
| #if HAVE_SYS_STAT_H
| # include <sys/stat.h>
| #endif
| #if STDC_HEADERS
| # include <stdlib.h>
| # include <stddef.h>
| #else
| # if HAVE_STDLIB_H
| #  include <stdlib.h>
| # endif
| #endif
| #if HAVE_STRING_H
| # if !STDC_HEADERS && HAVE_MEMORY_H
| #  include <memory.h>
| # endif
| # include <string.h>
| #endif
| #if HAVE_STRINGS_H
| # include <strings.h>
| #endif
| #if HAVE_INTTYPES_H
| # include <inttypes.h>
| #else
| # if HAVE_STDINT_H
| #  include <stdint.h>
| # endif
| #endif
| #if HAVE_UNISTD_H
| # include <unistd.h>
| #endif
| #include <vfork.h>
configure:4490: result: no
configure:4494: checking vfork.h presence
configure:4504: gcc -E  conftest.c
conftest.c:32:19: fatal error: vfork.h: No such file or directory
compilation terminated.
configure:4510: $? = 1
configure: failed program was:
| /* confdefs.h.  */
| 
| #define PACKAGE_NAME "pserv"
| #define PACKAGE_TARNAME "pserv"
| #define PACKAGE_VERSION "3.4"
| #define PACKAGE_STRING "pserv 3.4"
| #define PACKAGE_BUGREPORT "rmottola@users.sf.net"
| #define PACKAGE "pserv"
| #define VERSION "3.4"
| #define FORKING_REQUEST 1
| #define ENABLE_CGI 1
| #define HAVE_DIRENT_H 1
| #define STDC_HEADERS 1
| #define HAVE_SYS_WAIT_H 1
| #define HAVE_SYS_TYPES_H 1
| #define HAVE_SYS_STAT_H 1
| #define HAVE_STDLIB_H 1
| #define HAVE_STRING_H 1
| #define HAVE_MEMORY_H 1
| #define HAVE_STRINGS_H 1
| #define HAVE_INTTYPES_H 1
| #define HAVE_STDINT_H 1
| #define HAVE_UNISTD_H 1
| #define HAVE_ARPA_INET_H 1
| #define HAVE_NETDB_H 1
| #define HAVE_NETINET_IN_H 1
| #define HAVE_SYS_SOCKET_H 1
| #define HAVE_SYS_TIME_H 1
| #define TIME_WITH_SYS_TIME 1
| #define HAVE_UNISTD_H 1
| /* end confdefs.h.  */
| #include <vfork.h>
configure:4530: result: no
configure:4565: checking for vfork.h
configure:4572: result: no
configure:4590: checking for fork
configure:4647: gcc -o conftest -g -O2   conftest.c  >&5
conftest.c:56:6: warning: conflicting types for built-in function 'fork'
 char fork ();
      ^
configure:4653: $? = 0
configure:4657: test -z 
			 || test ! -s conftest.err
configure:4660: $? = 0
configure:4663: test -s conftest
configure:4666: $? = 0
configure:4678: result: yes
configure:4590: checking for vfork
configure:4647: gcc -o conftest -g -O2   conftest.c  >&5
configure:4653: $? = 0
configure:4657: test -z 
			 || test ! -s conftest.err
configure:4660: $? = 0
configure:4663: test -s conftest
configure:4666: $? = 0
configure:4678: result: yes
configure:4689: checking for working fork
configure:4712: gcc -o conftest -g -O2   conftest.c  >&5
conftest.c: In function 'main':
conftest.c:9:6: warning: implicit declaration of function 'fork' [-Wimplicit-function-declaration]
  if (fork() < 0)
      ^
conftest.c:10:4: warning: implicit declaration of function 'exit' [-Wimplicit-function-declaration]
    exit (1);
    ^
conftest.c:10:4: warning: incompatible implicit declaration of built-in function 'exit'
conftest.c:10:4: note: include '<stdlib.h>' or provide a declaration of 'exit'
conftest.c:11:2: warning: incompatible implicit declaration of built-in function 'exit'
  exit (0);
  ^
conftest.c:11:2: note: include '<stdlib.h>' or provide a declaration of 'exit'
configure:4715: $? = 0
configure:4717: ./conftest
configure:4720: $? = 0
configure:4734: result: yes
configure:4755: checking for working vfork
configure:4888: result: yes
configure:4919: checking return type of signal handlers
configure:4950: gcc -c -g -O2  conftest.c >&5
configure:4956: $? = 0
configure:4960: test -z 
			 || test ! -s conftest.err
configure:4963: $? = 0
configure:4966: test -s conftest.o
configure:4969: $? = 0
configure:4980: result: void
configure:4988: checking whether lstat dereferences a symlink specified with a trailing slash
configure:5019: gcc -o conftest -g -O2   conftest.c  >&5
configure:5022: $? = 0
configure:5024: ./conftest
configure:5027: $? = 0
configure:5048: result: yes
configure:5069: checking whether stat accepts an empty string
configure:5094: gcc -o conftest -g -O2   conftest.c  >&5
configure:5097: $? = 0
configure:5099: ./conftest
configure:5102: $? = 1
configure: program exited with status 1
configure: failed program was:
| /* confdefs.h.  */
| 
| #define PACKAGE_NAME "pserv"
| #define PACKAGE_TARNAME "pserv"
| #define PACKAGE_VERSION "3.4"
| #define PACKAGE_STRING "pserv 3.4"
| #define PACKAGE_BUGREPORT "rmottola@users.sf.net"
| #define PACKAGE "pserv"
| #define VERSION "3.4"
| #define FORKING_REQUEST 1
| #define ENABLE_CGI 1
| #define HAVE_DIRENT_H 1
| #define STDC_HEADERS 1
| #define HAVE_SYS_WAIT_H 1
| #define HAVE_SYS_TYPES_H 1
| #define HAVE_SYS_STAT_H 1
| #define HAVE_STDLIB_H 1
| #define HAVE_STRING_H 1
| #define HAVE_MEMORY_H 1
| #define HAVE_STRINGS_H 1
| #define HAVE_INTTYPES_H 1
| #define HAVE_STDINT_H 1
| #define HAVE_UNISTD_H 1
| #define HAVE_ARPA_INET_H 1
| #define HAVE_NETDB_H 1
| #define HAVE_NETINET_IN_H 1
| #define HAVE_SYS_SOCKET_H 1
| #define HAVE_SYS_TIME_H 1
| #define TIME_WITH_SYS_TIME 1
| #define HAVE_UNISTD_H 1
| #define HAVE_FORK 1
| #define HAVE_VFORK 1
| #define HAVE_WORKING_VFORK 1
| #define HAVE_WORKING_FORK 1
| #define RETSIGTYPE void
| #define LSTAT_FOLLOWS_SLASHED_SYMLINK 1
| /* end confdefs.h.  */
| #include <stdio.h>
| #if HAVE_SYS_TYPES_H
| # include <sys/types.h>
| #endif
| #if HAVE_SYS_STAT_H
| # include <sys/stat.h>
| #endif
| #if STDC_HEADERS
| # include <stdlib.h>
| # include <stddef.h>
| #else
| # if HAVE_STDLIB_H
| #  include <stdlib.h>
| # endif
| #endif
| #if HAVE_STRING_H
| # if !STDC_HEADERS && HAVE_MEMORY_H
| #  include <memory.h>
| # endif
| # include <string.h>
| #endif
| #if HAVE_STRINGS_H
| # include <strings.h>
| #endif
| #if HAVE_INTTYPES_H
| # include <inttypes.h>
| #else
| # if HAVE_STDINT_H
| #  include <stdint.h>
| # endif
| #endif
| #if HAVE_UNISTD_H
| # include <unistd.h>
| #endif
| int
| main ()
| {
| struct stat sbuf;
|   exit (stat ("", &sbuf) ? 1 : 0);
|   ;
|   return 0;
| }
configure:5116: result: no
configure:5138: checking for strftime
configure:5195: gcc -o conftest -g -O2   conftest.c  >&5
conftest.c:62:6: warning: conflicting types for built-in function 'strftime'
 char strftime ();
      ^
configure:5201: $? = 0
configure:5205: test -z 
			 || test ! -s conftest.err
configure:5208: $? = 0
configure:5211: test -s conftest
configure:5214: $? = 0
configure:5226: result: yes
configure:5318: checking for dup2
configure:5375: gcc -o conftest -g -O2   conftest.c  >&5
configure:5381: $? = 0
configure:5385: test -z 
			 || test ! -s conftest.err
configure:5388: $? = 0
configure:5391: test -s conftest
configure:5394: $? = 0
configure:5406: result: yes
configure:5318: checking for inet_ntoa
configure:5375: gcc -o conftest -g -O2   conftest.c  >&5
configure:5381: $? = 0
configure:5385: test -z 
			 || test ! -s conftest.err
configure:5388: $? = 0
configure:5391: test -s conftest
configure:5394: $? = 0
configure:5406: result: yes
configure:5318: checking for memmove
configure:5375: gcc -o conftest -g -O2   conftest.c  >&5
conftest.c:65:6: warning: conflicting types for built-in function 'memmove'
 char memmove ();
      ^
configure:5381: $? = 0
configure:5385: test -z 
			 || test ! -s conftest.err
configure:5388: $? = 0
configure:5391: test -s conftest
configure:5394: $? = 0
configure:5406: result: yes
configure:5318: checking for socket
configure:5375: gcc -o conftest -g -O2   conftest.c  >&5
configure:5381: $? = 0
configure:5385: test -z 
			 || test ! -s conftest.err
configure:5388: $? = 0
configure:5391: test -s conftest
configure:5394: $? = 0
configure:5406: result: yes
configure:5318: checking for strstr
configure:5375: gcc -o conftest -g -O2   conftest.c  >&5
conftest.c:67:6: warning: conflicting types for built-in function 'strstr'
 char strstr ();
      ^
configure:5381: $? = 0
configure:5385: test -z 
			 || test ! -s conftest.err
configure:5388: $? = 0
configure:5391: test -s conftest
configure:5394: $? = 0
configure:5406: result: yes
configure:5536: creating ./config.status

## ---------------------- ##
## Running config.status. ##
## ---------------------- ##

This file was extended by pserv config.status 3.4, which was
generated by GNU Autoconf 2.59.  Invocation command line was

  CONFIG_FILES    = 
  CONFIG_HEADERS  = 
  CONFIG_LINKS    = 
  CONFIG_COMMANDS = 
  $ ./config.status 

on ubuntu

config.status:694: creating Makefile
config.status:694: creating defaults/Makefile
config.status:694: creating sources/Makefile
config.status:798: creating sources/config.h
config.status:1148: executing depfiles commands

## ---------------- ##
## Cache variables. ##
## ---------------- ##

ac_cv_c_compiler_gnu=yes
ac_cv_env_CC_set=
ac_cv_env_CC_value=
ac_cv_env_CFLAGS_set=
ac_cv_env_CFLAGS_value=
ac_cv_env_CPPFLAGS_set=
ac_cv_env_CPPFLAGS_value=
ac_cv_env_CPP_set=
ac_cv_env_CPP_value=
ac_cv_env_LDFLAGS_set=
ac_cv_env_LDFLAGS_value=
ac_cv_env_build_alias_set=
ac_cv_env_build_alias_value=
ac_cv_env_host_alias_set=
ac_cv_env_host_alias_value=
ac_cv_env_target_alias_set=
ac_cv_env_target_alias_value=
ac_cv_exeext=
ac_cv_func_dup2=yes
ac_cv_func_fork=yes
ac_cv_func_fork_works=yes
ac_cv_func_inet_ntoa=yes
ac_cv_func_lstat_dereferences_slashed_symlink=yes
ac_cv_func_memmove=yes
ac_cv_func_socket=yes
ac_cv_func_stat_empty_string_bug=no
ac_cv_func_strftime=yes
ac_cv_func_strstr=yes
ac_cv_func_vfork=yes
ac_cv_func_vfork_works=yes
ac_cv_header_arpa_inet_h=yes
ac_cv_header_dirent_dirent_h=yes
ac_cv_header_inttypes_h=yes
ac_cv_header_memory_h=yes
ac_cv_header_netdb_h=yes
ac_cv_header_netinet_in_h=yes
ac_cv_header_stdc=yes
ac_cv_header_stdint_h=yes
ac_cv_header_stdlib_h=yes
ac_cv_header_string_h=yes
ac_cv_header_strings_h=yes
ac_cv_header_sys_socket_h=yes
ac_cv_header_sys_stat_h=yes
ac_cv_header_sys_time_h=yes
ac_cv_header_sys_types_h=yes
ac_cv_header_sys_wait_h=yes
ac_cv_header_time=yes
ac_cv_header_unistd_h=yes
ac_cv_header_vfork_h=no
ac_cv_objext=o
ac_cv_path_install='/usr/bin/install -c'
ac_cv_prog_AWK=mawk
ac_cv_prog_CPP='gcc -E'
ac_cv_prog_ac_ct_CC=gcc
ac_cv_prog_cc_g=yes
ac_cv_prog_cc_stdc=
ac_cv_prog_egrep='grep -E'
ac_cv_prog_make_make_set=yes
ac_cv_search_opendir='none required'
ac_cv_struct_tm=time.h
ac_cv_type_off_t=yes
ac_cv_type_pid_t=yes
ac_cv_type_signal=void
ac_cv_type_size_t=yes
ac_cv_type_socklen_t=yes
am_cv_CC_dependencies_compiler_type=gcc3

## ----------------- ##
## Output variables. ##
## ----------------- ##

ACLOCAL='${SHELL} /home/akumade/Desktop/pserv-3.4/missing --run aclocal-1.9'
AMDEPBACKSLASH='\'
AMDEP_FALSE='#'
AMDEP_TRUE=''
AMTAR='${SHELL} /home/akumade/Desktop/pserv-3.4/missing --run tar'
AUTOCONF='${SHELL} /home/akumade/Desktop/pserv-3.4/missing --run autoconf'
AUTOHEADER='${SHELL} /home/akumade/Desktop/pserv-3.4/missing --run autoheader'
AUTOMAKE='${SHELL} /home/akumade/Desktop/pserv-3.4/missing --run automake-1.9'
AWK='mawk'
CC='gcc'
CCDEPMODE='depmode=gcc3'
CFLAGS='-g -O2'
CPP='gcc -E'
CPPFLAGS=''
CYGPATH_W='echo'
DEFS='-DHAVE_CONFIG_H'
DEPDIR='.deps'
ECHO_C=''
ECHO_N='-n'
ECHO_T=''
EGREP='grep -E'
EXEEXT=''
INSTALL_DATA='${INSTALL} -m 644'
INSTALL_PROGRAM='${INSTALL}'
INSTALL_SCRIPT='${INSTALL}'
INSTALL_STRIP_PROGRAM='${SHELL} $(install_sh) -c -s'
LDFLAGS=''
LIBOBJS=''
LIBS=''
LTLIBOBJS=''
MAINT='#'
MAINTAINER_MODE_FALSE=''
MAINTAINER_MODE_TRUE='#'
MAKEINFO='${SHELL} /home/akumade/Desktop/pserv-3.4/missing --run makeinfo'
OBJEXT='o'
PACKAGE='pserv'
PACKAGE_BUGREPORT='rmottola@users.sf.net'
PACKAGE_NAME='pserv'
PACKAGE_STRING='pserv 3.4'
PACKAGE_TARNAME='pserv'
PACKAGE_VERSION='3.4'
PATH_SEPARATOR=':'
SET_MAKE=''
SHELL='/bin/bash'
STRIP=''
VERSION='3.4'
ac_ct_CC='gcc'
ac_ct_STRIP=''
am__fastdepCC_FALSE='#'
am__fastdepCC_TRUE=''
am__include='include'
am__leading_dot='.'
am__quote=''
am__tar='${AMTAR} chof - "$$tardir"'
am__untar='${AMTAR} xf -'
bindir='${exec_prefix}/bin'
build_alias=''
datadir='${prefix}/share'
exec_prefix='${prefix}'
host_alias=''
includedir='${prefix}/include'
infodir='${prefix}/info'
install_sh='/home/akumade/Desktop/pserv-3.4/install-sh'
libdir='${exec_prefix}/lib'
libexecdir='${exec_prefix}/libexec'
localstatedir='${prefix}/var'
mandir='${prefix}/man'
mkdir_p='mkdir -p --'
oldincludedir='/usr/include'
prefix='/usr/local'
program_transform_name='s,x,x,'
sbindir='${exec_prefix}/sbin'
sharedstatedir='${prefix}/com'
sysconfdir='${prefix}/etc'
target_alias=''

## ----------- ##
## confdefs.h. ##
## ----------- ##

#define ENABLE_CGI 1
#define FORKING_REQUEST 1
#define HAVE_ARPA_INET_H 1
#define HAVE_DIRENT_H 1
#define HAVE_DUP2 1
#define HAVE_FORK 1
#define HAVE_INET_NTOA 1
#define HAVE_INTTYPES_H 1
#define HAVE_MEMMOVE 1
#define HAVE_MEMORY_H 1
#define HAVE_NETDB_H 1
#define HAVE_NETINET_IN_H 1
#define HAVE_SOCKET 1
#define HAVE_STDINT_H 1
#define HAVE_STDLIB_H 1
#define HAVE_STRFTIME 1
#define HAVE_STRINGS_H 1
#define HAVE_STRING_H 1
#define HAVE_STRSTR 1
#define HAVE_SYS_SOCKET_H 1
#define HAVE_SYS_STAT_H 1
#define HAVE_SYS_TIME_H 1
#define HAVE_SYS_TYPES_H 1
#define HAVE_SYS_WAIT_H 1
#define HAVE_UNISTD_H 1
#define HAVE_UNISTD_H 1
#define HAVE_VFORK 1
#define HAVE_WORKING_FORK 1
#define HAVE_WORKING_VFORK 1
#define LSTAT_FOLLOWS_SLASHED_SYMLINK 1
#define PACKAGE "pserv"
#define PACKAGE_BUGREPORT "rmottola@users.sf.net"
#define PACKAGE_NAME "pserv"
#define PACKAGE_STRING "pserv 3.4"
#define PACKAGE_TARNAME "pserv"
#define PACKAGE_VERSION "3.4"
#define RETSIGTYPE void
#define STDC_HEADERS 1
#define TIME_WITH_SYS_TIME 1
#define VERSION "3.4"

configure: exit 0
